<?xml version="1.0" encoding="UTF-8" ?>
<testsuite tests="1" failures="0" name="stepDefs.TestRunner" time="2.786" errors="1" skipped="0">
  <properties>
[...]
</properties>
  <testcase classname="Register Patient" name="Register patient with valid data" time="2.786">
    <error message="TODO: implement me" type="io.cucumber.java.PendingException">io.cucumber.java.PendingException: TODO: implement me
	at stepDefs.PatientRegistrationStepDefs.user_navigates_to(PatientRegistrationStepDefs.java:30)
	at ✽.user navigates to &quot;https://gentle-mountain-53237.herokuapp.com/&quot;(file:///D:/TestProject1/src/test/resources/featureFiles/PatientRegistration.feature:8)
</error>
    <system-out>
@register_1
Scenario: Register patient with valid data                               &amp;#27;[90m# src/test/resources/featureFiles/PatientRegistration.feature:11&amp;#27;[0m
  &amp;#27;[33mGiven &amp;#27;[0m&amp;#27;[33muser navigates to &amp;#27;[0m&amp;#27;[33m&amp;#27;[1m&quot;https://gentle-mountain-53237.herokuapp.com/&quot;&amp;#27;[0m &amp;#27;[90m# stepDefs.PatientRegistrationStepDefs.user_navigates_to(java.lang.String)&amp;#27;[0m
      &amp;#27;[33mio.cucumber.java.PendingException: TODO: implement me
	at stepDefs.PatientRegistrationStepDefs.user_navigates_to(PatientRegistrationStepDefs.java:30)
	at âœ½.user navigates to &quot;https://gentle-mountain-53237.herokuapp.com/&quot;(file:///D:/TestProject1/src/test/resources/featureFiles/PatientRegistration.feature:8)
&amp;#27;[0m
  &amp;#27;[36mWhen &amp;#27;[0m&amp;#27;[36muser enters First Name as &amp;#27;[0m&amp;#27;[36m&amp;#27;[1m&apos;Ashish&apos;&amp;#27;[0m                                &amp;#27;[90m# stepDefs.PatientRegistrationStepDefs.user_enters_first_name_as(java.lang.String)&amp;#27;[0m
  &amp;#27;[36mAnd &amp;#27;[0m&amp;#27;[36muser enters Last name as &apos;Goel&apos;&amp;#27;[0m                                    &amp;#27;[90m# null&amp;#27;[0m
  &amp;#27;[36mAnd &amp;#27;[0m&amp;#27;[36muser enters Email as &amp;#27;[0m&amp;#27;[36m&amp;#27;[1m&apos;abc@gmail.com&apos;&amp;#27;[0m                               &amp;#27;[90m# stepDefs.PatientRegistrationStepDefs.user_enters_email_as(java.lang.String)&amp;#27;[0m
  &amp;#27;[36mAnd &amp;#27;[0m&amp;#27;[36muser enters Phone as &amp;#27;[0m&amp;#27;[36m&amp;#27;[1m&apos;0757412563&apos;&amp;#27;[0m                                  &amp;#27;[90m# stepDefs.PatientRegistrationStepDefs.user_enters_phone_as(java.lang.String)&amp;#27;[0m
  &amp;#27;[36mAnd &amp;#27;[0m&amp;#27;[36mUser enters Password as &amp;#27;[0m&amp;#27;[36m&amp;#27;[1m&apos;Password123&apos;&amp;#27;[0m                              &amp;#27;[90m# stepDefs.PatientRegistrationStepDefs.user_enters_password_as(java.lang.String)&amp;#27;[0m
  &amp;#27;[36mAnd &amp;#27;[0m&amp;#27;[36mUser Confirms Password as  &amp;#27;[0m&amp;#27;[36m&amp;#27;[1m&apos;Password123&apos;&amp;#27;[0m                           &amp;#27;[90m# stepDefs.PatientRegistrationStepDefs.user_confirms_password_as(java.lang.String)&amp;#27;[0m
  &amp;#27;[36mAnd &amp;#27;[0m&amp;#27;[36mUser clicks Register button&amp;#27;[0m                                        &amp;#27;[90m# stepDefs.PatientRegistrationStepDefs.user_clicks_register_button()&amp;#27;[0m
  &amp;#27;[36mThen &amp;#27;[0m&amp;#27;[36muser is directed to his/her dashboard&amp;#27;[0m                             &amp;#27;[90m# stepDefs.PatientRegistrationStepDefs.user_is_directed_to_his_her_dashboard()&amp;#27;[0m
  &amp;#27;[36mAnd &amp;#27;[0m&amp;#27;[36muser can see his/her name on dashboard&amp;#27;[0m                             &amp;#27;[90m# stepDefs.PatientRegistrationStepDefs.user_can_see_his_her_name_on_dashboard()&amp;#27;[0m
</system-out>
    <system-err>SLF4J: Failed to load class &quot;org.slf4j.impl.StaticLoggerBinder&quot;.
SLF4J: Defaulting to no-operation (NOP) logger implementation
SLF4J: See http://www.slf4j.org/codes.html#StaticLoggerBinder for further details.
Starting ChromeDriver 91.0.4472.19 (1bf021f248676a0b2ab3ee0561d83a59e424c23e-refs/branch-heads/4472@{#288}) on port 32863
Only local connections are allowed.
Please see https://chromedriver.chromium.org/security-considerations for suggestions on keeping ChromeDriver safe.
ChromeDriver was started successfully.
Jun 07, 2021 10:02:59 AM org.openqa.selenium.remote.ProtocolHandshake createSession
INFO: Detected dialect: W3C
</system-err>
  </testcase>
</testsuite>